2017-06-23 17:16:39,526 - Log4JLogChute initialized using file 'velocity.log'
2017-06-23 17:16:39,526 - Initializing Velocity, Calling init()...
2017-06-23 17:16:39,527 - *******************************************************************
2017-06-23 17:16:39,527 - Starting Apache Velocity v1.7 (compiled: 2010-11-19 12:14:37)
2017-06-23 17:16:39,527 - RuntimeInstance initializing.
2017-06-23 17:16:39,527 - Default Properties File: org\apache\velocity\runtime\defaults\velocity.properties
2017-06-23 17:16:39,527 - Trying to use logger class org.apache.velocity.runtime.log.AvalonLogChute
2017-06-23 17:16:39,527 - Target log system for org.apache.velocity.runtime.log.AvalonLogChute is not available (java.lang.NoClassDefFoundError: org/apache/log/format/Formatter).  Falling back to next log system...
2017-06-23 17:16:39,527 - Trying to use logger class org.apache.velocity.runtime.log.Log4JLogChute
2017-06-23 17:16:39,528 - Using logger class org.apache.velocity.runtime.log.Log4JLogChute
2017-06-23 17:16:39,530 - Default ResourceManager initializing. (class org.apache.velocity.runtime.resource.ResourceManagerImpl)
2017-06-23 17:16:39,532 - ResourceLoader instantiated: org.apache.velocity.runtime.resource.loader.ClasspathResourceLoader
2017-06-23 17:16:39,533 - ClasspathResourceLoader : initialization complete.
2017-06-23 17:16:39,566 - ResourceCache: initialized (class org.apache.velocity.runtime.resource.ResourceCacheImpl) with class java.util.Collections$SynchronizedMap cache map.
2017-06-23 17:16:39,566 - Default ResourceManager initialization complete.
2017-06-23 17:16:39,568 - Loaded System Directive: org.apache.velocity.runtime.directive.Stop
2017-06-23 17:16:39,569 - Loaded System Directive: org.apache.velocity.runtime.directive.Define
2017-06-23 17:16:39,570 - Loaded System Directive: org.apache.velocity.runtime.directive.Break
2017-06-23 17:16:39,571 - Loaded System Directive: org.apache.velocity.runtime.directive.Evaluate
2017-06-23 17:16:39,572 - Loaded System Directive: org.apache.velocity.runtime.directive.Literal
2017-06-23 17:16:39,573 - Loaded System Directive: org.apache.velocity.runtime.directive.Macro
2017-06-23 17:16:39,575 - Loaded System Directive: org.apache.velocity.runtime.directive.Parse
2017-06-23 17:16:39,577 - Loaded System Directive: org.apache.velocity.runtime.directive.Include
2017-06-23 17:16:39,578 - Loaded System Directive: org.apache.velocity.runtime.directive.Foreach
2017-06-23 17:16:39,630 - Created '20' parsers.
2017-06-23 17:16:39,638 - Velocimacro : initialization starting.
2017-06-23 17:16:39,638 - Velocimacro : "velocimacro.library" is not set.  Trying default library: VM_global_library.vm
2017-06-23 17:16:39,639 - Could not load resource 'VM_global_library.vm' from ResourceLoader org.apache.velocity.runtime.resource.loader.ClasspathResourceLoader: ClasspathResourceLoader Error: cannot find resource VM_global_library.vm
2017-06-23 17:16:39,639 - Velocimacro : Default library not found.
2017-06-23 17:16:39,639 - Velocimacro : allowInline = true : VMs can be defined inline in templates
2017-06-23 17:16:39,639 - Velocimacro : allowInlineToOverride = false : VMs defined inline may NOT replace previous VM definitions
2017-06-23 17:16:39,639 - Velocimacro : allowInlineLocal = false : VMs defined inline will be global in scope if allowed.
2017-06-23 17:16:39,639 - Velocimacro : autoload off : VM system will not automatically reload global library macros
2017-06-23 17:16:39,639 - Velocimacro : Velocimacro : initialization complete.
2017-06-23 17:16:39,639 - RuntimeInstance successfully initialized.
2017-06-23 17:16:39,655 - ResourceManager : found template/generatorConfig.vm with loader org.apache.velocity.runtime.resource.loader.ClasspathResourceLoader
2017-06-23 17:16:39,658 - Null reference [template 'template/generatorConfig.vm', line 56, column 38] : ${generator.jdbc.driver} cannot be resolved.
2017-06-23 17:16:39,658 - Null reference [template 'template/generatorConfig.vm', line 57, column 40] : ${generator.jdbc.url} cannot be resolved.
2017-06-23 17:16:39,658 - Null reference [template 'template/generatorConfig.vm', line 58, column 33] : ${generator.jdbc.username} cannot be resolved.
2017-06-23 17:17:39,125 - Log4JLogChute initialized using file 'velocity.log'
2017-06-23 17:17:39,125 - Initializing Velocity, Calling init()...
2017-06-23 17:17:39,125 - *******************************************************************
2017-06-23 17:17:39,125 - Starting Apache Velocity v1.7 (compiled: 2010-11-19 12:14:37)
2017-06-23 17:17:39,125 - RuntimeInstance initializing.
2017-06-23 17:17:39,125 - Default Properties File: org\apache\velocity\runtime\defaults\velocity.properties
2017-06-23 17:17:39,125 - Trying to use logger class org.apache.velocity.runtime.log.AvalonLogChute
2017-06-23 17:17:39,125 - Target log system for org.apache.velocity.runtime.log.AvalonLogChute is not available (java.lang.NoClassDefFoundError: org/apache/log/format/Formatter).  Falling back to next log system...
2017-06-23 17:17:39,125 - Trying to use logger class org.apache.velocity.runtime.log.Log4JLogChute
2017-06-23 17:17:39,125 - Using logger class org.apache.velocity.runtime.log.Log4JLogChute
2017-06-23 17:17:39,127 - Default ResourceManager initializing. (class org.apache.velocity.runtime.resource.ResourceManagerImpl)
2017-06-23 17:17:39,128 - ResourceLoader instantiated: org.apache.velocity.runtime.resource.loader.ClasspathResourceLoader
2017-06-23 17:17:39,129 - ClasspathResourceLoader : initialization complete.
2017-06-23 17:17:39,137 - ResourceCache: initialized (class org.apache.velocity.runtime.resource.ResourceCacheImpl) with class java.util.Collections$SynchronizedMap cache map.
2017-06-23 17:17:39,137 - Default ResourceManager initialization complete.
2017-06-23 17:17:39,138 - Loaded System Directive: org.apache.velocity.runtime.directive.Stop
2017-06-23 17:17:39,139 - Loaded System Directive: org.apache.velocity.runtime.directive.Define
2017-06-23 17:17:39,140 - Loaded System Directive: org.apache.velocity.runtime.directive.Break
2017-06-23 17:17:39,140 - Loaded System Directive: org.apache.velocity.runtime.directive.Evaluate
2017-06-23 17:17:39,141 - Loaded System Directive: org.apache.velocity.runtime.directive.Literal
2017-06-23 17:17:39,142 - Loaded System Directive: org.apache.velocity.runtime.directive.Macro
2017-06-23 17:17:39,143 - Loaded System Directive: org.apache.velocity.runtime.directive.Parse
2017-06-23 17:17:39,144 - Loaded System Directive: org.apache.velocity.runtime.directive.Include
2017-06-23 17:17:39,144 - Loaded System Directive: org.apache.velocity.runtime.directive.Foreach
2017-06-23 17:17:39,169 - Created '20' parsers.
2017-06-23 17:17:39,176 - Velocimacro : initialization starting.
2017-06-23 17:17:39,176 - Velocimacro : "velocimacro.library" is not set.  Trying default library: VM_global_library.vm
2017-06-23 17:17:39,176 - Could not load resource 'VM_global_library.vm' from ResourceLoader org.apache.velocity.runtime.resource.loader.ClasspathResourceLoader: ClasspathResourceLoader Error: cannot find resource VM_global_library.vm
2017-06-23 17:17:39,176 - Velocimacro : Default library not found.
2017-06-23 17:17:39,176 - Velocimacro : allowInline = true : VMs can be defined inline in templates
2017-06-23 17:17:39,176 - Velocimacro : allowInlineToOverride = false : VMs defined inline may NOT replace previous VM definitions
2017-06-23 17:17:39,177 - Velocimacro : allowInlineLocal = false : VMs defined inline will be global in scope if allowed.
2017-06-23 17:17:39,177 - Velocimacro : autoload off : VM system will not automatically reload global library macros
2017-06-23 17:17:39,177 - Velocimacro : Velocimacro : initialization complete.
2017-06-23 17:17:39,177 - RuntimeInstance successfully initialized.
2017-06-23 17:17:39,189 - ResourceManager : found template/generatorConfig.vm with loader org.apache.velocity.runtime.resource.loader.ClasspathResourceLoader
2017-06-23 17:17:39,192 - Null reference [template 'template/generatorConfig.vm', line 56, column 38] : ${generator.jdbc.driver} cannot be resolved.
2017-06-23 17:17:39,192 - Null reference [template 'template/generatorConfig.vm', line 57, column 40] : ${generator.jdbc.url} cannot be resolved.
2017-06-23 17:17:39,192 - Null reference [template 'template/generatorConfig.vm', line 58, column 33] : ${generator.jdbc.username} cannot be resolved.
2017-06-23 17:18:50,741 - Log4JLogChute initialized using file 'velocity.log'
2017-06-23 17:18:50,741 - Initializing Velocity, Calling init()...
2017-06-23 17:18:50,741 - *******************************************************************
2017-06-23 17:18:50,741 - Starting Apache Velocity v1.7 (compiled: 2010-11-19 12:14:37)
2017-06-23 17:18:50,741 - RuntimeInstance initializing.
2017-06-23 17:18:50,741 - Default Properties File: org\apache\velocity\runtime\defaults\velocity.properties
2017-06-23 17:18:50,741 - Trying to use logger class org.apache.velocity.runtime.log.AvalonLogChute
2017-06-23 17:18:50,741 - Target log system for org.apache.velocity.runtime.log.AvalonLogChute is not available (java.lang.NoClassDefFoundError: org/apache/log/format/Formatter).  Falling back to next log system...
2017-06-23 17:18:50,741 - Trying to use logger class org.apache.velocity.runtime.log.Log4JLogChute
2017-06-23 17:18:50,741 - Using logger class org.apache.velocity.runtime.log.Log4JLogChute
2017-06-23 17:18:50,743 - Default ResourceManager initializing. (class org.apache.velocity.runtime.resource.ResourceManagerImpl)
2017-06-23 17:18:50,744 - ResourceLoader instantiated: org.apache.velocity.runtime.resource.loader.ClasspathResourceLoader
2017-06-23 17:18:50,745 - ClasspathResourceLoader : initialization complete.
2017-06-23 17:18:50,756 - ResourceCache: initialized (class org.apache.velocity.runtime.resource.ResourceCacheImpl) with class java.util.Collections$SynchronizedMap cache map.
2017-06-23 17:18:50,756 - Default ResourceManager initialization complete.
2017-06-23 17:18:50,758 - Loaded System Directive: org.apache.velocity.runtime.directive.Stop
2017-06-23 17:18:50,759 - Loaded System Directive: org.apache.velocity.runtime.directive.Define
2017-06-23 17:18:50,760 - Loaded System Directive: org.apache.velocity.runtime.directive.Break
2017-06-23 17:18:50,761 - Loaded System Directive: org.apache.velocity.runtime.directive.Evaluate
2017-06-23 17:18:50,762 - Loaded System Directive: org.apache.velocity.runtime.directive.Literal
2017-06-23 17:18:50,764 - Loaded System Directive: org.apache.velocity.runtime.directive.Macro
2017-06-23 17:18:50,765 - Loaded System Directive: org.apache.velocity.runtime.directive.Parse
2017-06-23 17:18:50,766 - Loaded System Directive: org.apache.velocity.runtime.directive.Include
2017-06-23 17:18:50,767 - Loaded System Directive: org.apache.velocity.runtime.directive.Foreach
2017-06-23 17:18:50,805 - Created '20' parsers.
2017-06-23 17:18:50,813 - Velocimacro : initialization starting.
2017-06-23 17:18:50,813 - Velocimacro : "velocimacro.library" is not set.  Trying default library: VM_global_library.vm
2017-06-23 17:18:50,814 - Could not load resource 'VM_global_library.vm' from ResourceLoader org.apache.velocity.runtime.resource.loader.ClasspathResourceLoader: ClasspathResourceLoader Error: cannot find resource VM_global_library.vm
2017-06-23 17:18:50,814 - Velocimacro : Default library not found.
2017-06-23 17:18:50,814 - Velocimacro : allowInline = true : VMs can be defined inline in templates
2017-06-23 17:18:50,814 - Velocimacro : allowInlineToOverride = false : VMs defined inline may NOT replace previous VM definitions
2017-06-23 17:18:50,814 - Velocimacro : allowInlineLocal = false : VMs defined inline will be global in scope if allowed.
2017-06-23 17:18:50,814 - Velocimacro : autoload off : VM system will not automatically reload global library macros
2017-06-23 17:18:50,814 - Velocimacro : Velocimacro : initialization complete.
2017-06-23 17:18:50,814 - RuntimeInstance successfully initialized.
2017-06-23 17:18:50,828 - ResourceManager : found template/generatorConfig.vm with loader org.apache.velocity.runtime.resource.loader.ClasspathResourceLoader
2017-06-23 17:18:50,830 - Null reference [template 'template/generatorConfig.vm', line 56, column 38] : ${generator.jdbc.driver} cannot be resolved.
2017-06-23 17:18:50,830 - Null reference [template 'template/generatorConfig.vm', line 57, column 40] : ${generator.jdbc.url} cannot be resolved.
2017-06-23 17:18:50,830 - Null reference [template 'template/generatorConfig.vm', line 58, column 33] : ${generator.jdbc.username} cannot be resolved.
2017-06-23 17:21:52,589 - Log4JLogChute initialized using file 'velocity.log'
2017-06-23 17:21:52,590 - Initializing Velocity, Calling init()...
2017-06-23 17:21:52,590 - *******************************************************************
2017-06-23 17:21:52,590 - Starting Apache Velocity v1.7 (compiled: 2010-11-19 12:14:37)
2017-06-23 17:21:52,590 - RuntimeInstance initializing.
2017-06-23 17:21:52,590 - Default Properties File: org\apache\velocity\runtime\defaults\velocity.properties
2017-06-23 17:21:52,590 - Trying to use logger class org.apache.velocity.runtime.log.AvalonLogChute
2017-06-23 17:21:52,590 - Target log system for org.apache.velocity.runtime.log.AvalonLogChute is not available (java.lang.NoClassDefFoundError: org/apache/log/format/Formatter).  Falling back to next log system...
2017-06-23 17:21:52,590 - Trying to use logger class org.apache.velocity.runtime.log.Log4JLogChute
2017-06-23 17:21:52,590 - Using logger class org.apache.velocity.runtime.log.Log4JLogChute
2017-06-23 17:21:52,592 - Default ResourceManager initializing. (class org.apache.velocity.runtime.resource.ResourceManagerImpl)
2017-06-23 17:21:52,594 - ResourceLoader instantiated: org.apache.velocity.runtime.resource.loader.ClasspathResourceLoader
2017-06-23 17:21:52,595 - ClasspathResourceLoader : initialization complete.
2017-06-23 17:21:52,607 - ResourceCache: initialized (class org.apache.velocity.runtime.resource.ResourceCacheImpl) with class java.util.Collections$SynchronizedMap cache map.
2017-06-23 17:21:52,607 - Default ResourceManager initialization complete.
2017-06-23 17:21:52,608 - Loaded System Directive: org.apache.velocity.runtime.directive.Stop
2017-06-23 17:21:52,610 - Loaded System Directive: org.apache.velocity.runtime.directive.Define
2017-06-23 17:21:52,610 - Loaded System Directive: org.apache.velocity.runtime.directive.Break
2017-06-23 17:21:52,611 - Loaded System Directive: org.apache.velocity.runtime.directive.Evaluate
2017-06-23 17:21:52,611 - Loaded System Directive: org.apache.velocity.runtime.directive.Literal
2017-06-23 17:21:52,612 - Loaded System Directive: org.apache.velocity.runtime.directive.Macro
2017-06-23 17:21:52,614 - Loaded System Directive: org.apache.velocity.runtime.directive.Parse
2017-06-23 17:21:52,615 - Loaded System Directive: org.apache.velocity.runtime.directive.Include
2017-06-23 17:21:52,616 - Loaded System Directive: org.apache.velocity.runtime.directive.Foreach
2017-06-23 17:21:52,646 - Created '20' parsers.
2017-06-23 17:21:52,653 - Velocimacro : initialization starting.
2017-06-23 17:21:52,653 - Velocimacro : "velocimacro.library" is not set.  Trying default library: VM_global_library.vm
2017-06-23 17:21:52,654 - Could not load resource 'VM_global_library.vm' from ResourceLoader org.apache.velocity.runtime.resource.loader.ClasspathResourceLoader: ClasspathResourceLoader Error: cannot find resource VM_global_library.vm
2017-06-23 17:21:52,654 - Velocimacro : Default library not found.
2017-06-23 17:21:52,654 - Velocimacro : allowInline = true : VMs can be defined inline in templates
2017-06-23 17:21:52,654 - Velocimacro : allowInlineToOverride = false : VMs defined inline may NOT replace previous VM definitions
2017-06-23 17:21:52,654 - Velocimacro : allowInlineLocal = false : VMs defined inline will be global in scope if allowed.
2017-06-23 17:21:52,654 - Velocimacro : autoload off : VM system will not automatically reload global library macros
2017-06-23 17:21:52,654 - Velocimacro : Velocimacro : initialization complete.
2017-06-23 17:21:52,654 - RuntimeInstance successfully initialized.
2017-06-23 17:21:52,669 - ResourceManager : found template/generatorConfig.vm with loader org.apache.velocity.runtime.resource.loader.ClasspathResourceLoader
2017-06-23 17:21:52,673 - Null reference [template 'template/generatorConfig.vm', line 56, column 38] : ${generator.jdbc.driver} cannot be resolved.
2017-06-23 17:21:52,673 - Null reference [template 'template/generatorConfig.vm', line 57, column 40] : ${generator.jdbc.url} cannot be resolved.
2017-06-23 17:21:52,673 - Null reference [template 'template/generatorConfig.vm', line 58, column 33] : ${generator.jdbc.username} cannot be resolved.
2017-06-23 17:23:23,502 - Log4JLogChute initialized using file 'velocity.log'
2017-06-23 17:23:23,502 - Initializing Velocity, Calling init()...
2017-06-23 17:23:23,502 - *******************************************************************
2017-06-23 17:23:23,502 - Starting Apache Velocity v1.7 (compiled: 2010-11-19 12:14:37)
2017-06-23 17:23:23,502 - RuntimeInstance initializing.
2017-06-23 17:23:23,502 - Default Properties File: org\apache\velocity\runtime\defaults\velocity.properties
2017-06-23 17:23:23,502 - Trying to use logger class org.apache.velocity.runtime.log.AvalonLogChute
2017-06-23 17:23:23,502 - Target log system for org.apache.velocity.runtime.log.AvalonLogChute is not available (java.lang.NoClassDefFoundError: org/apache/log/format/Formatter).  Falling back to next log system...
2017-06-23 17:23:23,502 - Trying to use logger class org.apache.velocity.runtime.log.Log4JLogChute
2017-06-23 17:23:23,502 - Using logger class org.apache.velocity.runtime.log.Log4JLogChute
2017-06-23 17:23:23,504 - Default ResourceManager initializing. (class org.apache.velocity.runtime.resource.ResourceManagerImpl)
2017-06-23 17:23:23,505 - ResourceLoader instantiated: org.apache.velocity.runtime.resource.loader.ClasspathResourceLoader
2017-06-23 17:23:23,505 - ClasspathResourceLoader : initialization complete.
2017-06-23 17:23:23,519 - ResourceCache: initialized (class org.apache.velocity.runtime.resource.ResourceCacheImpl) with class java.util.Collections$SynchronizedMap cache map.
2017-06-23 17:23:23,519 - Default ResourceManager initialization complete.
2017-06-23 17:23:23,521 - Loaded System Directive: org.apache.velocity.runtime.directive.Stop
2017-06-23 17:23:23,522 - Loaded System Directive: org.apache.velocity.runtime.directive.Define
2017-06-23 17:23:23,522 - Loaded System Directive: org.apache.velocity.runtime.directive.Break
2017-06-23 17:23:23,523 - Loaded System Directive: org.apache.velocity.runtime.directive.Evaluate
2017-06-23 17:23:23,523 - Loaded System Directive: org.apache.velocity.runtime.directive.Literal
2017-06-23 17:23:23,524 - Loaded System Directive: org.apache.velocity.runtime.directive.Macro
2017-06-23 17:23:23,526 - Loaded System Directive: org.apache.velocity.runtime.directive.Parse
2017-06-23 17:23:23,527 - Loaded System Directive: org.apache.velocity.runtime.directive.Include
2017-06-23 17:23:23,528 - Loaded System Directive: org.apache.velocity.runtime.directive.Foreach
2017-06-23 17:23:23,556 - Created '20' parsers.
2017-06-23 17:23:23,562 - Velocimacro : initialization starting.
2017-06-23 17:23:23,562 - Velocimacro : "velocimacro.library" is not set.  Trying default library: VM_global_library.vm
2017-06-23 17:23:23,563 - Could not load resource 'VM_global_library.vm' from ResourceLoader org.apache.velocity.runtime.resource.loader.ClasspathResourceLoader: ClasspathResourceLoader Error: cannot find resource VM_global_library.vm
2017-06-23 17:23:23,563 - Velocimacro : Default library not found.
2017-06-23 17:23:23,563 - Velocimacro : allowInline = true : VMs can be defined inline in templates
2017-06-23 17:23:23,563 - Velocimacro : allowInlineToOverride = false : VMs defined inline may NOT replace previous VM definitions
2017-06-23 17:23:23,563 - Velocimacro : allowInlineLocal = false : VMs defined inline will be global in scope if allowed.
2017-06-23 17:23:23,563 - Velocimacro : autoload off : VM system will not automatically reload global library macros
2017-06-23 17:23:23,563 - Velocimacro : Velocimacro : initialization complete.
2017-06-23 17:23:23,563 - RuntimeInstance successfully initialized.
2017-06-23 17:23:23,577 - ResourceManager : found template/generatorConfig.vm with loader org.apache.velocity.runtime.resource.loader.ClasspathResourceLoader
2017-06-23 17:23:23,580 - Null reference [template 'template/generatorConfig.vm', line 56, column 38] : ${generator.jdbc.driver} cannot be resolved.
2017-06-23 17:23:23,580 - Null reference [template 'template/generatorConfig.vm', line 57, column 40] : ${generator.jdbc.url} cannot be resolved.
2017-06-23 17:23:23,580 - Null reference [template 'template/generatorConfig.vm', line 58, column 33] : ${generator.jdbc.username} cannot be resolved.
2017-06-23 17:23:53,660 - Log4JLogChute initialized using file 'velocity.log'
2017-06-23 17:23:53,661 - Initializing Velocity, Calling init()...
2017-06-23 17:23:53,661 - *******************************************************************
2017-06-23 17:23:53,661 - Starting Apache Velocity v1.7 (compiled: 2010-11-19 12:14:37)
2017-06-23 17:23:53,661 - RuntimeInstance initializing.
2017-06-23 17:23:53,661 - Default Properties File: org\apache\velocity\runtime\defaults\velocity.properties
2017-06-23 17:23:53,661 - Trying to use logger class org.apache.velocity.runtime.log.AvalonLogChute
2017-06-23 17:23:53,661 - Target log system for org.apache.velocity.runtime.log.AvalonLogChute is not available (java.lang.NoClassDefFoundError: org/apache/log/format/Formatter).  Falling back to next log system...
2017-06-23 17:23:53,661 - Trying to use logger class org.apache.velocity.runtime.log.Log4JLogChute
2017-06-23 17:23:53,661 - Using logger class org.apache.velocity.runtime.log.Log4JLogChute
2017-06-23 17:23:53,662 - Default ResourceManager initializing. (class org.apache.velocity.runtime.resource.ResourceManagerImpl)
2017-06-23 17:23:53,663 - ResourceLoader instantiated: org.apache.velocity.runtime.resource.loader.ClasspathResourceLoader
2017-06-23 17:23:53,664 - ClasspathResourceLoader : initialization complete.
2017-06-23 17:23:53,675 - ResourceCache: initialized (class org.apache.velocity.runtime.resource.ResourceCacheImpl) with class java.util.Collections$SynchronizedMap cache map.
2017-06-23 17:23:53,675 - Default ResourceManager initialization complete.
2017-06-23 17:23:53,677 - Loaded System Directive: org.apache.velocity.runtime.directive.Stop
2017-06-23 17:23:53,678 - Loaded System Directive: org.apache.velocity.runtime.directive.Define
2017-06-23 17:23:53,678 - Loaded System Directive: org.apache.velocity.runtime.directive.Break
2017-06-23 17:23:53,679 - Loaded System Directive: org.apache.velocity.runtime.directive.Evaluate
2017-06-23 17:23:53,680 - Loaded System Directive: org.apache.velocity.runtime.directive.Literal
2017-06-23 17:23:53,681 - Loaded System Directive: org.apache.velocity.runtime.directive.Macro
2017-06-23 17:23:53,682 - Loaded System Directive: org.apache.velocity.runtime.directive.Parse
2017-06-23 17:23:53,683 - Loaded System Directive: org.apache.velocity.runtime.directive.Include
2017-06-23 17:23:53,684 - Loaded System Directive: org.apache.velocity.runtime.directive.Foreach
2017-06-23 17:23:53,710 - Created '20' parsers.
2017-06-23 17:23:53,717 - Velocimacro : initialization starting.
2017-06-23 17:23:53,717 - Velocimacro : "velocimacro.library" is not set.  Trying default library: VM_global_library.vm
2017-06-23 17:23:53,718 - Could not load resource 'VM_global_library.vm' from ResourceLoader org.apache.velocity.runtime.resource.loader.ClasspathResourceLoader: ClasspathResourceLoader Error: cannot find resource VM_global_library.vm
2017-06-23 17:23:53,718 - Velocimacro : Default library not found.
2017-06-23 17:23:53,718 - Velocimacro : allowInline = true : VMs can be defined inline in templates
2017-06-23 17:23:53,718 - Velocimacro : allowInlineToOverride = false : VMs defined inline may NOT replace previous VM definitions
2017-06-23 17:23:53,718 - Velocimacro : allowInlineLocal = false : VMs defined inline will be global in scope if allowed.
2017-06-23 17:23:53,718 - Velocimacro : autoload off : VM system will not automatically reload global library macros
2017-06-23 17:23:53,718 - Velocimacro : Velocimacro : initialization complete.
2017-06-23 17:23:53,718 - RuntimeInstance successfully initialized.
2017-06-23 17:23:53,732 - ResourceManager : found template/generatorConfig.vm with loader org.apache.velocity.runtime.resource.loader.ClasspathResourceLoader
2017-06-23 17:23:53,734 - Null reference [template 'template/generatorConfig.vm', line 56, column 38] : ${generator.jdbc.driver} cannot be resolved.
2017-06-23 17:23:53,734 - Null reference [template 'template/generatorConfig.vm', line 57, column 40] : ${generator.jdbc.url} cannot be resolved.
2017-06-23 17:23:53,734 - Null reference [template 'template/generatorConfig.vm', line 58, column 33] : ${generator.jdbc.username} cannot be resolved.
2017-06-23 17:24:04,047 - Log4JLogChute initialized using file 'velocity.log'
2017-06-23 17:24:04,047 - Initializing Velocity, Calling init()...
2017-06-23 17:24:04,047 - *******************************************************************
2017-06-23 17:24:04,047 - Starting Apache Velocity v1.7 (compiled: 2010-11-19 12:14:37)
2017-06-23 17:24:04,047 - RuntimeInstance initializing.
2017-06-23 17:24:04,047 - Default Properties File: org\apache\velocity\runtime\defaults\velocity.properties
2017-06-23 17:24:04,047 - Trying to use logger class org.apache.velocity.runtime.log.AvalonLogChute
2017-06-23 17:24:04,047 - Target log system for org.apache.velocity.runtime.log.AvalonLogChute is not available (java.lang.NoClassDefFoundError: org/apache/log/format/Formatter).  Falling back to next log system...
2017-06-23 17:24:04,047 - Trying to use logger class org.apache.velocity.runtime.log.Log4JLogChute
2017-06-23 17:24:04,047 - Using logger class org.apache.velocity.runtime.log.Log4JLogChute
2017-06-23 17:24:04,048 - Default ResourceManager initializing. (class org.apache.velocity.runtime.resource.ResourceManagerImpl)
2017-06-23 17:24:04,049 - ResourceLoader instantiated: org.apache.velocity.runtime.resource.loader.ClasspathResourceLoader
2017-06-23 17:24:04,050 - ClasspathResourceLoader : initialization complete.
2017-06-23 17:24:04,060 - ResourceCache: initialized (class org.apache.velocity.runtime.resource.ResourceCacheImpl) with class java.util.Collections$SynchronizedMap cache map.
2017-06-23 17:24:04,060 - Default ResourceManager initialization complete.
2017-06-23 17:24:04,061 - Loaded System Directive: org.apache.velocity.runtime.directive.Stop
2017-06-23 17:24:04,062 - Loaded System Directive: org.apache.velocity.runtime.directive.Define
2017-06-23 17:24:04,063 - Loaded System Directive: org.apache.velocity.runtime.directive.Break
2017-06-23 17:24:04,064 - Loaded System Directive: org.apache.velocity.runtime.directive.Evaluate
2017-06-23 17:24:04,064 - Loaded System Directive: org.apache.velocity.runtime.directive.Literal
2017-06-23 17:24:04,065 - Loaded System Directive: org.apache.velocity.runtime.directive.Macro
2017-06-23 17:24:04,067 - Loaded System Directive: org.apache.velocity.runtime.directive.Parse
2017-06-23 17:24:04,068 - Loaded System Directive: org.apache.velocity.runtime.directive.Include
2017-06-23 17:24:04,069 - Loaded System Directive: org.apache.velocity.runtime.directive.Foreach
2017-06-23 17:24:04,096 - Created '20' parsers.
2017-06-23 17:24:04,103 - Velocimacro : initialization starting.
2017-06-23 17:24:04,103 - Velocimacro : "velocimacro.library" is not set.  Trying default library: VM_global_library.vm
2017-06-23 17:24:04,104 - Could not load resource 'VM_global_library.vm' from ResourceLoader org.apache.velocity.runtime.resource.loader.ClasspathResourceLoader: ClasspathResourceLoader Error: cannot find resource VM_global_library.vm
2017-06-23 17:24:04,104 - Velocimacro : Default library not found.
2017-06-23 17:24:04,104 - Velocimacro : allowInline = true : VMs can be defined inline in templates
2017-06-23 17:24:04,104 - Velocimacro : allowInlineToOverride = false : VMs defined inline may NOT replace previous VM definitions
2017-06-23 17:24:04,104 - Velocimacro : allowInlineLocal = false : VMs defined inline will be global in scope if allowed.
2017-06-23 17:24:04,104 - Velocimacro : autoload off : VM system will not automatically reload global library macros
2017-06-23 17:24:04,104 - Velocimacro : Velocimacro : initialization complete.
2017-06-23 17:24:04,104 - RuntimeInstance successfully initialized.
2017-06-23 17:24:04,121 - ResourceManager : found template/generatorConfig.vm with loader org.apache.velocity.runtime.resource.loader.ClasspathResourceLoader
2017-06-23 17:24:04,124 - Null reference [template 'template/generatorConfig.vm', line 56, column 38] : ${generator.jdbc.driver} cannot be resolved.
2017-06-23 17:24:04,124 - Null reference [template 'template/generatorConfig.vm', line 57, column 40] : ${generator.jdbc.url} cannot be resolved.
2017-06-23 17:24:04,124 - Null reference [template 'template/generatorConfig.vm', line 58, column 33] : ${generator.jdbc.username} cannot be resolved.
2017-06-23 17:27:27,784 - Log4JLogChute initialized using file 'velocity.log'
2017-06-23 17:27:27,784 - Initializing Velocity, Calling init()...
2017-06-23 17:27:27,784 - *******************************************************************
2017-06-23 17:27:27,784 - Starting Apache Velocity v1.7 (compiled: 2010-11-19 12:14:37)
2017-06-23 17:27:27,784 - RuntimeInstance initializing.
2017-06-23 17:27:27,784 - Default Properties File: org\apache\velocity\runtime\defaults\velocity.properties
2017-06-23 17:27:27,784 - Trying to use logger class org.apache.velocity.runtime.log.AvalonLogChute
2017-06-23 17:27:27,784 - Target log system for org.apache.velocity.runtime.log.AvalonLogChute is not available (java.lang.NoClassDefFoundError: org/apache/log/format/Formatter).  Falling back to next log system...
2017-06-23 17:27:27,784 - Trying to use logger class org.apache.velocity.runtime.log.Log4JLogChute
2017-06-23 17:27:27,785 - Using logger class org.apache.velocity.runtime.log.Log4JLogChute
2017-06-23 17:27:27,786 - Default ResourceManager initializing. (class org.apache.velocity.runtime.resource.ResourceManagerImpl)
2017-06-23 17:27:27,788 - ResourceLoader instantiated: org.apache.velocity.runtime.resource.loader.ClasspathResourceLoader
2017-06-23 17:27:27,789 - ClasspathResourceLoader : initialization complete.
2017-06-23 17:27:27,800 - ResourceCache: initialized (class org.apache.velocity.runtime.resource.ResourceCacheImpl) with class java.util.Collections$SynchronizedMap cache map.
2017-06-23 17:27:27,800 - Default ResourceManager initialization complete.
2017-06-23 17:27:27,801 - Loaded System Directive: org.apache.velocity.runtime.directive.Stop
2017-06-23 17:27:27,802 - Loaded System Directive: org.apache.velocity.runtime.directive.Define
2017-06-23 17:27:27,803 - Loaded System Directive: org.apache.velocity.runtime.directive.Break
2017-06-23 17:27:27,803 - Loaded System Directive: org.apache.velocity.runtime.directive.Evaluate
2017-06-23 17:27:27,804 - Loaded System Directive: org.apache.velocity.runtime.directive.Literal
2017-06-23 17:27:27,805 - Loaded System Directive: org.apache.velocity.runtime.directive.Macro
2017-06-23 17:27:27,806 - Loaded System Directive: org.apache.velocity.runtime.directive.Parse
2017-06-23 17:27:27,807 - Loaded System Directive: org.apache.velocity.runtime.directive.Include
2017-06-23 17:27:27,808 - Loaded System Directive: org.apache.velocity.runtime.directive.Foreach
2017-06-23 17:27:27,832 - Created '20' parsers.
2017-06-23 17:27:27,837 - Velocimacro : initialization starting.
2017-06-23 17:27:27,837 - Velocimacro : "velocimacro.library" is not set.  Trying default library: VM_global_library.vm
2017-06-23 17:27:27,837 - Could not load resource 'VM_global_library.vm' from ResourceLoader org.apache.velocity.runtime.resource.loader.ClasspathResourceLoader: ClasspathResourceLoader Error: cannot find resource VM_global_library.vm
2017-06-23 17:27:27,837 - Velocimacro : Default library not found.
2017-06-23 17:27:27,837 - Velocimacro : allowInline = true : VMs can be defined inline in templates
2017-06-23 17:27:27,837 - Velocimacro : allowInlineToOverride = false : VMs defined inline may NOT replace previous VM definitions
2017-06-23 17:27:27,838 - Velocimacro : allowInlineLocal = false : VMs defined inline will be global in scope if allowed.
2017-06-23 17:27:27,838 - Velocimacro : autoload off : VM system will not automatically reload global library macros
2017-06-23 17:27:27,838 - Velocimacro : Velocimacro : initialization complete.
2017-06-23 17:27:27,838 - RuntimeInstance successfully initialized.
2017-06-23 17:27:27,848 - ResourceManager : found template/generatorConfig.vm with loader org.apache.velocity.runtime.resource.loader.ClasspathResourceLoader
2017-06-23 17:27:27,850 - Null reference [template 'template/generatorConfig.vm', line 56, column 38] : ${generator.jdbc.driver} cannot be resolved.
2017-06-23 17:27:27,850 - Null reference [template 'template/generatorConfig.vm', line 57, column 40] : ${generator.jdbc.url} cannot be resolved.
2017-06-23 17:27:27,851 - Null reference [template 'template/generatorConfig.vm', line 58, column 33] : ${generator.jdbc.username} cannot be resolved.
2017-06-23 17:28:03,125 - Log4JLogChute initialized using file 'velocity.log'
2017-06-23 17:28:03,125 - Initializing Velocity, Calling init()...
2017-06-23 17:28:03,125 - *******************************************************************
2017-06-23 17:28:03,125 - Starting Apache Velocity v1.7 (compiled: 2010-11-19 12:14:37)
2017-06-23 17:28:03,125 - RuntimeInstance initializing.
2017-06-23 17:28:03,125 - Default Properties File: org\apache\velocity\runtime\defaults\velocity.properties
2017-06-23 17:28:03,125 - Trying to use logger class org.apache.velocity.runtime.log.AvalonLogChute
2017-06-23 17:28:03,125 - Target log system for org.apache.velocity.runtime.log.AvalonLogChute is not available (java.lang.NoClassDefFoundError: org/apache/log/format/Formatter).  Falling back to next log system...
2017-06-23 17:28:03,125 - Trying to use logger class org.apache.velocity.runtime.log.Log4JLogChute
2017-06-23 17:28:03,125 - Using logger class org.apache.velocity.runtime.log.Log4JLogChute
2017-06-23 17:28:03,127 - Default ResourceManager initializing. (class org.apache.velocity.runtime.resource.ResourceManagerImpl)
2017-06-23 17:28:03,128 - ResourceLoader instantiated: org.apache.velocity.runtime.resource.loader.ClasspathResourceLoader
2017-06-23 17:28:03,129 - ClasspathResourceLoader : initialization complete.
2017-06-23 17:28:03,141 - ResourceCache: initialized (class org.apache.velocity.runtime.resource.ResourceCacheImpl) with class java.util.Collections$SynchronizedMap cache map.
2017-06-23 17:28:03,141 - Default ResourceManager initialization complete.
2017-06-23 17:28:03,143 - Loaded System Directive: org.apache.velocity.runtime.directive.Stop
2017-06-23 17:28:03,145 - Loaded System Directive: org.apache.velocity.runtime.directive.Define
2017-06-23 17:28:03,145 - Loaded System Directive: org.apache.velocity.runtime.directive.Break
2017-06-23 17:28:03,146 - Loaded System Directive: org.apache.velocity.runtime.directive.Evaluate
2017-06-23 17:28:03,147 - Loaded System Directive: org.apache.velocity.runtime.directive.Literal
2017-06-23 17:28:03,148 - Loaded System Directive: org.apache.velocity.runtime.directive.Macro
2017-06-23 17:28:03,149 - Loaded System Directive: org.apache.velocity.runtime.directive.Parse
2017-06-23 17:28:03,150 - Loaded System Directive: org.apache.velocity.runtime.directive.Include
2017-06-23 17:28:03,151 - Loaded System Directive: org.apache.velocity.runtime.directive.Foreach
2017-06-23 17:28:03,175 - Created '20' parsers.
2017-06-23 17:28:03,182 - Velocimacro : initialization starting.
2017-06-23 17:28:03,182 - Velocimacro : "velocimacro.library" is not set.  Trying default library: VM_global_library.vm
2017-06-23 17:28:03,183 - Could not load resource 'VM_global_library.vm' from ResourceLoader org.apache.velocity.runtime.resource.loader.ClasspathResourceLoader: ClasspathResourceLoader Error: cannot find resource VM_global_library.vm
2017-06-23 17:28:03,183 - Velocimacro : Default library not found.
2017-06-23 17:28:03,183 - Velocimacro : allowInline = true : VMs can be defined inline in templates
2017-06-23 17:28:03,183 - Velocimacro : allowInlineToOverride = false : VMs defined inline may NOT replace previous VM definitions
2017-06-23 17:28:03,183 - Velocimacro : allowInlineLocal = false : VMs defined inline will be global in scope if allowed.
2017-06-23 17:28:03,183 - Velocimacro : autoload off : VM system will not automatically reload global library macros
2017-06-23 17:28:03,183 - Velocimacro : Velocimacro : initialization complete.
2017-06-23 17:28:03,183 - RuntimeInstance successfully initialized.
2017-06-23 17:28:03,196 - ResourceManager : found template/generatorConfig.vm with loader org.apache.velocity.runtime.resource.loader.ClasspathResourceLoader
2017-06-23 17:28:03,199 - Null reference [template 'template/generatorConfig.vm', line 56, column 38] : ${generator.jdbc.driver} cannot be resolved.
2017-06-23 17:28:03,199 - Null reference [template 'template/generatorConfig.vm', line 57, column 40] : ${generator.jdbc.url} cannot be resolved.
2017-06-23 17:28:03,199 - Null reference [template 'template/generatorConfig.vm', line 58, column 33] : ${generator.jdbc.username} cannot be resolved.
2017-06-23 17:31:10,192 - Log4JLogChute initialized using file 'velocity.log'
2017-06-23 17:31:10,192 - Initializing Velocity, Calling init()...
2017-06-23 17:31:10,192 - *******************************************************************
2017-06-23 17:31:10,192 - Starting Apache Velocity v1.7 (compiled: 2010-11-19 12:14:37)
2017-06-23 17:31:10,192 - RuntimeInstance initializing.
2017-06-23 17:31:10,192 - Default Properties File: org\apache\velocity\runtime\defaults\velocity.properties
2017-06-23 17:31:10,192 - Trying to use logger class org.apache.velocity.runtime.log.AvalonLogChute
2017-06-23 17:31:10,192 - Target log system for org.apache.velocity.runtime.log.AvalonLogChute is not available (java.lang.NoClassDefFoundError: org/apache/log/format/Formatter).  Falling back to next log system...
2017-06-23 17:31:10,192 - Trying to use logger class org.apache.velocity.runtime.log.Log4JLogChute
2017-06-23 17:31:10,192 - Using logger class org.apache.velocity.runtime.log.Log4JLogChute
2017-06-23 17:31:10,194 - Default ResourceManager initializing. (class org.apache.velocity.runtime.resource.ResourceManagerImpl)
2017-06-23 17:31:10,195 - ResourceLoader instantiated: org.apache.velocity.runtime.resource.loader.ClasspathResourceLoader
2017-06-23 17:31:10,195 - ClasspathResourceLoader : initialization complete.
2017-06-23 17:31:10,205 - ResourceCache: initialized (class org.apache.velocity.runtime.resource.ResourceCacheImpl) with class java.util.Collections$SynchronizedMap cache map.
2017-06-23 17:31:10,205 - Default ResourceManager initialization complete.
2017-06-23 17:31:10,206 - Loaded System Directive: org.apache.velocity.runtime.directive.Stop
2017-06-23 17:31:10,207 - Loaded System Directive: org.apache.velocity.runtime.directive.Define
2017-06-23 17:31:10,208 - Loaded System Directive: org.apache.velocity.runtime.directive.Break
2017-06-23 17:31:10,210 - Loaded System Directive: org.apache.velocity.runtime.directive.Evaluate
2017-06-23 17:31:10,211 - Loaded System Directive: org.apache.velocity.runtime.directive.Literal
2017-06-23 17:31:10,212 - Loaded System Directive: org.apache.velocity.runtime.directive.Macro
2017-06-23 17:31:10,213 - Loaded System Directive: org.apache.velocity.runtime.directive.Parse
2017-06-23 17:31:10,215 - Loaded System Directive: org.apache.velocity.runtime.directive.Include
2017-06-23 17:31:10,216 - Loaded System Directive: org.apache.velocity.runtime.directive.Foreach
2017-06-23 17:31:10,241 - Created '20' parsers.
2017-06-23 17:31:10,249 - Velocimacro : initialization starting.
2017-06-23 17:31:10,249 - Velocimacro : "velocimacro.library" is not set.  Trying default library: VM_global_library.vm
2017-06-23 17:31:10,249 - Could not load resource 'VM_global_library.vm' from ResourceLoader org.apache.velocity.runtime.resource.loader.ClasspathResourceLoader: ClasspathResourceLoader Error: cannot find resource VM_global_library.vm
2017-06-23 17:31:10,250 - Velocimacro : Default library not found.
2017-06-23 17:31:10,250 - Velocimacro : allowInline = true : VMs can be defined inline in templates
2017-06-23 17:31:10,250 - Velocimacro : allowInlineToOverride = false : VMs defined inline may NOT replace previous VM definitions
2017-06-23 17:31:10,250 - Velocimacro : allowInlineLocal = false : VMs defined inline will be global in scope if allowed.
2017-06-23 17:31:10,250 - Velocimacro : autoload off : VM system will not automatically reload global library macros
2017-06-23 17:31:10,250 - Velocimacro : Velocimacro : initialization complete.
2017-06-23 17:31:10,250 - RuntimeInstance successfully initialized.
2017-06-23 17:31:10,264 - ResourceManager : found template/generatorConfig.vm with loader org.apache.velocity.runtime.resource.loader.ClasspathResourceLoader
2017-06-23 17:31:10,267 - Null reference [template 'template/generatorConfig.vm', line 56, column 38] : ${generator.jdbc.driver} cannot be resolved.
2017-06-23 17:31:10,267 - Null reference [template 'template/generatorConfig.vm', line 57, column 40] : ${generator.jdbc.url} cannot be resolved.
2017-06-23 17:31:10,267 - Null reference [template 'template/generatorConfig.vm', line 58, column 33] : ${generator.jdbc.username} cannot be resolved.
2017-06-23 17:32:36,718 - Log4JLogChute initialized using file 'velocity.log'
2017-06-23 17:32:36,718 - Initializing Velocity, Calling init()...
2017-06-23 17:32:36,718 - *******************************************************************
2017-06-23 17:32:36,718 - Starting Apache Velocity v1.7 (compiled: 2010-11-19 12:14:37)
2017-06-23 17:32:36,718 - RuntimeInstance initializing.
2017-06-23 17:32:36,718 - Default Properties File: org\apache\velocity\runtime\defaults\velocity.properties
2017-06-23 17:32:36,718 - Trying to use logger class org.apache.velocity.runtime.log.AvalonLogChute
2017-06-23 17:32:36,718 - Target log system for org.apache.velocity.runtime.log.AvalonLogChute is not available (java.lang.NoClassDefFoundError: org/apache/log/format/Formatter).  Falling back to next log system...
2017-06-23 17:32:36,718 - Trying to use logger class org.apache.velocity.runtime.log.Log4JLogChute
2017-06-23 17:32:36,718 - Using logger class org.apache.velocity.runtime.log.Log4JLogChute
2017-06-23 17:32:36,720 - Default ResourceManager initializing. (class org.apache.velocity.runtime.resource.ResourceManagerImpl)
2017-06-23 17:32:36,721 - ResourceLoader instantiated: org.apache.velocity.runtime.resource.loader.ClasspathResourceLoader
2017-06-23 17:32:36,721 - ClasspathResourceLoader : initialization complete.
2017-06-23 17:32:36,732 - ResourceCache: initialized (class org.apache.velocity.runtime.resource.ResourceCacheImpl) with class java.util.Collections$SynchronizedMap cache map.
2017-06-23 17:32:36,732 - Default ResourceManager initialization complete.
2017-06-23 17:32:36,733 - Loaded System Directive: org.apache.velocity.runtime.directive.Stop
2017-06-23 17:32:36,734 - Loaded System Directive: org.apache.velocity.runtime.directive.Define
2017-06-23 17:32:36,734 - Loaded System Directive: org.apache.velocity.runtime.directive.Break
2017-06-23 17:32:36,735 - Loaded System Directive: org.apache.velocity.runtime.directive.Evaluate
2017-06-23 17:32:36,735 - Loaded System Directive: org.apache.velocity.runtime.directive.Literal
2017-06-23 17:32:36,736 - Loaded System Directive: org.apache.velocity.runtime.directive.Macro
2017-06-23 17:32:36,737 - Loaded System Directive: org.apache.velocity.runtime.directive.Parse
2017-06-23 17:32:36,739 - Loaded System Directive: org.apache.velocity.runtime.directive.Include
2017-06-23 17:32:36,739 - Loaded System Directive: org.apache.velocity.runtime.directive.Foreach
2017-06-23 17:32:36,770 - Created '20' parsers.
2017-06-23 17:32:36,776 - Velocimacro : initialization starting.
2017-06-23 17:32:36,776 - Velocimacro : "velocimacro.library" is not set.  Trying default library: VM_global_library.vm
2017-06-23 17:32:36,777 - Could not load resource 'VM_global_library.vm' from ResourceLoader org.apache.velocity.runtime.resource.loader.ClasspathResourceLoader: ClasspathResourceLoader Error: cannot find resource VM_global_library.vm
2017-06-23 17:32:36,777 - Velocimacro : Default library not found.
2017-06-23 17:32:36,777 - Velocimacro : allowInline = true : VMs can be defined inline in templates
2017-06-23 17:32:36,777 - Velocimacro : allowInlineToOverride = false : VMs defined inline may NOT replace previous VM definitions
2017-06-23 17:32:36,777 - Velocimacro : allowInlineLocal = false : VMs defined inline will be global in scope if allowed.
2017-06-23 17:32:36,777 - Velocimacro : autoload off : VM system will not automatically reload global library macros
2017-06-23 17:32:36,777 - Velocimacro : Velocimacro : initialization complete.
2017-06-23 17:32:36,777 - RuntimeInstance successfully initialized.
2017-06-23 17:32:36,791 - ResourceManager : found template/generatorConfig.vm with loader org.apache.velocity.runtime.resource.loader.ClasspathResourceLoader
2017-06-23 17:32:36,793 - Null reference [template 'template/generatorConfig.vm', line 56, column 38] : ${generator.jdbc.driver} cannot be resolved.
2017-06-23 17:32:36,794 - Null reference [template 'template/generatorConfig.vm', line 57, column 40] : ${generator.jdbc.url} cannot be resolved.
2017-06-23 17:32:36,794 - Null reference [template 'template/generatorConfig.vm', line 58, column 33] : ${generator.jdbc.username} cannot be resolved.
2017-06-23 17:39:34,374 - Log4JLogChute initialized using file 'velocity.log'
2017-06-23 17:39:34,375 - Initializing Velocity, Calling init()...
2017-06-23 17:39:34,375 - *******************************************************************
2017-06-23 17:39:34,375 - Starting Apache Velocity v1.7 (compiled: 2010-11-19 12:14:37)
2017-06-23 17:39:34,375 - RuntimeInstance initializing.
2017-06-23 17:39:34,375 - Default Properties File: org\apache\velocity\runtime\defaults\velocity.properties
2017-06-23 17:39:34,375 - Trying to use logger class org.apache.velocity.runtime.log.AvalonLogChute
2017-06-23 17:39:34,375 - Target log system for org.apache.velocity.runtime.log.AvalonLogChute is not available (java.lang.NoClassDefFoundError: org/apache/log/format/Formatter).  Falling back to next log system...
2017-06-23 17:39:34,375 - Trying to use logger class org.apache.velocity.runtime.log.Log4JLogChute
2017-06-23 17:39:34,375 - Using logger class org.apache.velocity.runtime.log.Log4JLogChute
2017-06-23 17:39:34,376 - Default ResourceManager initializing. (class org.apache.velocity.runtime.resource.ResourceManagerImpl)
2017-06-23 17:39:34,377 - ResourceLoader instantiated: org.apache.velocity.runtime.resource.loader.ClasspathResourceLoader
2017-06-23 17:39:34,378 - ClasspathResourceLoader : initialization complete.
2017-06-23 17:39:34,389 - ResourceCache: initialized (class org.apache.velocity.runtime.resource.ResourceCacheImpl) with class java.util.Collections$SynchronizedMap cache map.
2017-06-23 17:39:34,390 - Default ResourceManager initialization complete.
2017-06-23 17:39:34,391 - Loaded System Directive: org.apache.velocity.runtime.directive.Stop
2017-06-23 17:39:34,392 - Loaded System Directive: org.apache.velocity.runtime.directive.Define
2017-06-23 17:39:34,392 - Loaded System Directive: org.apache.velocity.runtime.directive.Break
2017-06-23 17:39:34,393 - Loaded System Directive: org.apache.velocity.runtime.directive.Evaluate
2017-06-23 17:39:34,393 - Loaded System Directive: org.apache.velocity.runtime.directive.Literal
2017-06-23 17:39:34,395 - Loaded System Directive: org.apache.velocity.runtime.directive.Macro
2017-06-23 17:39:34,396 - Loaded System Directive: org.apache.velocity.runtime.directive.Parse
2017-06-23 17:39:34,397 - Loaded System Directive: org.apache.velocity.runtime.directive.Include
2017-06-23 17:39:34,398 - Loaded System Directive: org.apache.velocity.runtime.directive.Foreach
2017-06-23 17:39:34,423 - Created '20' parsers.
2017-06-23 17:39:34,430 - Velocimacro : initialization starting.
2017-06-23 17:39:34,430 - Velocimacro : "velocimacro.library" is not set.  Trying default library: VM_global_library.vm
2017-06-23 17:39:34,431 - Could not load resource 'VM_global_library.vm' from ResourceLoader org.apache.velocity.runtime.resource.loader.ClasspathResourceLoader: ClasspathResourceLoader Error: cannot find resource VM_global_library.vm
2017-06-23 17:39:34,431 - Velocimacro : Default library not found.
2017-06-23 17:39:34,431 - Velocimacro : allowInline = true : VMs can be defined inline in templates
2017-06-23 17:39:34,431 - Velocimacro : allowInlineToOverride = false : VMs defined inline may NOT replace previous VM definitions
2017-06-23 17:39:34,431 - Velocimacro : allowInlineLocal = false : VMs defined inline will be global in scope if allowed.
2017-06-23 17:39:34,431 - Velocimacro : autoload off : VM system will not automatically reload global library macros
2017-06-23 17:39:34,431 - Velocimacro : Velocimacro : initialization complete.
2017-06-23 17:39:34,431 - RuntimeInstance successfully initialized.
2017-06-23 17:39:34,444 - ResourceManager : found template/generatorConfig.vm with loader org.apache.velocity.runtime.resource.loader.ClasspathResourceLoader
2017-06-23 17:39:34,447 - Null reference [template 'template/generatorConfig.vm', line 56, column 38] : ${generator.jdbc.driver} cannot be resolved.
2017-06-23 17:39:34,447 - Null reference [template 'template/generatorConfig.vm', line 57, column 40] : ${generator.jdbc.url} cannot be resolved.
2017-06-23 17:39:34,447 - Null reference [template 'template/generatorConfig.vm', line 58, column 33] : ${generator.jdbc.username} cannot be resolved.
2017-06-23 17:54:25,758 - Log4JLogChute initialized using file 'velocity.log'
2017-06-23 17:54:25,759 - Initializing Velocity, Calling init()...
2017-06-23 17:54:25,759 - *******************************************************************
2017-06-23 17:54:25,759 - Starting Apache Velocity v1.7 (compiled: 2010-11-19 12:14:37)
2017-06-23 17:54:25,759 - RuntimeInstance initializing.
2017-06-23 17:54:25,759 - Default Properties File: org\apache\velocity\runtime\defaults\velocity.properties
2017-06-23 17:54:25,759 - Trying to use logger class org.apache.velocity.runtime.log.AvalonLogChute
2017-06-23 17:54:25,759 - Target log system for org.apache.velocity.runtime.log.AvalonLogChute is not available (java.lang.NoClassDefFoundError: org/apache/log/format/Formatter).  Falling back to next log system...
2017-06-23 17:54:25,759 - Trying to use logger class org.apache.velocity.runtime.log.Log4JLogChute
2017-06-23 17:54:25,759 - Using logger class org.apache.velocity.runtime.log.Log4JLogChute
2017-06-23 17:54:25,760 - Default ResourceManager initializing. (class org.apache.velocity.runtime.resource.ResourceManagerImpl)
2017-06-23 17:54:25,761 - ResourceLoader instantiated: org.apache.velocity.runtime.resource.loader.ClasspathResourceLoader
2017-06-23 17:54:25,762 - ClasspathResourceLoader : initialization complete.
2017-06-23 17:54:25,773 - ResourceCache: initialized (class org.apache.velocity.runtime.resource.ResourceCacheImpl) with class java.util.Collections$SynchronizedMap cache map.
2017-06-23 17:54:25,773 - Default ResourceManager initialization complete.
2017-06-23 17:54:25,774 - Loaded System Directive: org.apache.velocity.runtime.directive.Stop
2017-06-23 17:54:25,775 - Loaded System Directive: org.apache.velocity.runtime.directive.Define
2017-06-23 17:54:25,775 - Loaded System Directive: org.apache.velocity.runtime.directive.Break
2017-06-23 17:54:25,776 - Loaded System Directive: org.apache.velocity.runtime.directive.Evaluate
2017-06-23 17:54:25,776 - Loaded System Directive: org.apache.velocity.runtime.directive.Literal
2017-06-23 17:54:25,778 - Loaded System Directive: org.apache.velocity.runtime.directive.Macro
2017-06-23 17:54:25,779 - Loaded System Directive: org.apache.velocity.runtime.directive.Parse
2017-06-23 17:54:25,780 - Loaded System Directive: org.apache.velocity.runtime.directive.Include
2017-06-23 17:54:25,781 - Loaded System Directive: org.apache.velocity.runtime.directive.Foreach
2017-06-23 17:54:25,809 - Created '20' parsers.
2017-06-23 17:54:25,814 - Velocimacro : initialization starting.
2017-06-23 17:54:25,815 - Velocimacro : "velocimacro.library" is not set.  Trying default library: VM_global_library.vm
2017-06-23 17:54:25,815 - Could not load resource 'VM_global_library.vm' from ResourceLoader org.apache.velocity.runtime.resource.loader.ClasspathResourceLoader: ClasspathResourceLoader Error: cannot find resource VM_global_library.vm
2017-06-23 17:54:25,815 - Velocimacro : Default library not found.
2017-06-23 17:54:25,815 - Velocimacro : allowInline = true : VMs can be defined inline in templates
2017-06-23 17:54:25,815 - Velocimacro : allowInlineToOverride = false : VMs defined inline may NOT replace previous VM definitions
2017-06-23 17:54:25,815 - Velocimacro : allowInlineLocal = false : VMs defined inline will be global in scope if allowed.
2017-06-23 17:54:25,815 - Velocimacro : autoload off : VM system will not automatically reload global library macros
2017-06-23 17:54:25,815 - Velocimacro : Velocimacro : initialization complete.
2017-06-23 17:54:25,815 - RuntimeInstance successfully initialized.
2017-06-23 17:54:25,825 - ResourceManager : found template/generatorConfig.vm with loader org.apache.velocity.runtime.resource.loader.ClasspathResourceLoader
2017-06-23 17:54:25,828 - Null reference [template 'template/generatorConfig.vm', line 56, column 38] : ${generator.jdbc.driver} cannot be resolved.
2017-06-23 17:54:25,828 - Null reference [template 'template/generatorConfig.vm', line 57, column 40] : ${generator.jdbc.url} cannot be resolved.
2017-06-23 17:54:25,828 - Null reference [template 'template/generatorConfig.vm', line 58, column 33] : ${generator.jdbc.username} cannot be resolved.
2017-06-26 09:38:32,034 - Log4JLogChute initialized using file 'velocity.log'
2017-06-26 09:38:32,035 - Initializing Velocity, Calling init()...
2017-06-26 09:38:32,035 - *******************************************************************
2017-06-26 09:38:32,035 - Starting Apache Velocity v1.7 (compiled: 2010-11-19 12:14:37)
2017-06-26 09:38:32,035 - RuntimeInstance initializing.
2017-06-26 09:38:32,035 - Default Properties File: org\apache\velocity\runtime\defaults\velocity.properties
2017-06-26 09:38:32,035 - Trying to use logger class org.apache.velocity.runtime.log.AvalonLogChute
2017-06-26 09:38:32,035 - Target log system for org.apache.velocity.runtime.log.AvalonLogChute is not available (java.lang.NoClassDefFoundError: org/apache/log/format/Formatter).  Falling back to next log system...
2017-06-26 09:38:32,035 - Trying to use logger class org.apache.velocity.runtime.log.Log4JLogChute
2017-06-26 09:38:32,035 - Using logger class org.apache.velocity.runtime.log.Log4JLogChute
2017-06-26 09:38:32,037 - Default ResourceManager initializing. (class org.apache.velocity.runtime.resource.ResourceManagerImpl)
2017-06-26 09:38:32,038 - ResourceLoader instantiated: org.apache.velocity.runtime.resource.loader.ClasspathResourceLoader
2017-06-26 09:38:32,039 - ClasspathResourceLoader : initialization complete.
2017-06-26 09:38:32,052 - ResourceCache: initialized (class org.apache.velocity.runtime.resource.ResourceCacheImpl) with class java.util.Collections$SynchronizedMap cache map.
2017-06-26 09:38:32,052 - Default ResourceManager initialization complete.
2017-06-26 09:38:32,053 - Loaded System Directive: org.apache.velocity.runtime.directive.Stop
2017-06-26 09:38:32,054 - Loaded System Directive: org.apache.velocity.runtime.directive.Define
2017-06-26 09:38:32,055 - Loaded System Directive: org.apache.velocity.runtime.directive.Break
2017-06-26 09:38:32,055 - Loaded System Directive: org.apache.velocity.runtime.directive.Evaluate
2017-06-26 09:38:32,056 - Loaded System Directive: org.apache.velocity.runtime.directive.Literal
2017-06-26 09:38:32,058 - Loaded System Directive: org.apache.velocity.runtime.directive.Macro
2017-06-26 09:38:32,059 - Loaded System Directive: org.apache.velocity.runtime.directive.Parse
2017-06-26 09:38:32,060 - Loaded System Directive: org.apache.velocity.runtime.directive.Include
2017-06-26 09:38:32,061 - Loaded System Directive: org.apache.velocity.runtime.directive.Foreach
2017-06-26 09:38:32,084 - Created '20' parsers.
2017-06-26 09:38:32,090 - Velocimacro : initialization starting.
2017-06-26 09:38:32,090 - Velocimacro : "velocimacro.library" is not set.  Trying default library: VM_global_library.vm
2017-06-26 09:38:32,090 - Could not load resource 'VM_global_library.vm' from ResourceLoader org.apache.velocity.runtime.resource.loader.ClasspathResourceLoader: ClasspathResourceLoader Error: cannot find resource VM_global_library.vm
2017-06-26 09:38:32,090 - Velocimacro : Default library not found.
2017-06-26 09:38:32,091 - Velocimacro : allowInline = true : VMs can be defined inline in templates
2017-06-26 09:38:32,091 - Velocimacro : allowInlineToOverride = false : VMs defined inline may NOT replace previous VM definitions
2017-06-26 09:38:32,091 - Velocimacro : allowInlineLocal = false : VMs defined inline will be global in scope if allowed.
2017-06-26 09:38:32,091 - Velocimacro : autoload off : VM system will not automatically reload global library macros
2017-06-26 09:38:32,091 - Velocimacro : Velocimacro : initialization complete.
2017-06-26 09:38:32,092 - RuntimeInstance successfully initialized.
2017-06-26 09:38:32,104 - ResourceManager : found template/generatorConfig.vm with loader org.apache.velocity.runtime.resource.loader.ClasspathResourceLoader
2017-06-26 09:38:32,106 - Null reference [template 'template/generatorConfig.vm', line 56, column 38] : ${generator.jdbc.driver} cannot be resolved.
2017-06-26 09:38:32,106 - Null reference [template 'template/generatorConfig.vm', line 57, column 40] : ${generator.jdbc.url} cannot be resolved.
2017-06-26 09:38:32,106 - Null reference [template 'template/generatorConfig.vm', line 58, column 33] : ${generator.jdbc.username} cannot be resolved.
